c:\users\emil1\source\repos\fractionoverload_emathew\fractionoverload_emathew\debug\vc141.pdb
c:\users\emil1\source\repos\fractionoverload_emathew\fractionoverload_emathew\debug\vc141.idb
c:\users\emil1\source\repos\fractionoverload_emathew\fractionoverload_emathew\debug\fractionoverloadimplementation.obj
c:\users\emil1\source\repos\fractionoverload_emathew\fractionoverload_emathew\debug\fractionoverloaddriver.obj
d:\computer programs\visual studio\projects\fractionoverload_emathew\fractionoverload_emathew\fractionoverload_emathew\debug\vc141.pdb
d:\computer programs\visual studio\projects\fractionoverload_emathew\fractionoverload_emathew\fractionoverload_emathew\debug\vc141.idb
d:\computer programs\visual studio\projects\fractionoverload_emathew\fractionoverload_emathew\fractionoverload_emathew\debug\fractionoverloadimplementation.obj
d:\computer programs\visual studio\projects\fractionoverload_emathew\fractionoverload_emathew\fractionoverload_emathew\debug\fractionoverloaddriver.obj
c:\users\emil1\source\repos\fractionoverload_emathew\debug\fractionoverload_emathew.exe
c:\users\emil1\source\repos\fractionoverload_emathew\debug\fractionoverload_emathew.ilk
c:\users\emil1\source\repos\fractionoverload_emathew\debug\fractionoverload_emathew.pdb
d:\computer programs\visual studio\projects\fractionoverload_emathew\fractionoverload_emathew\debug\fractionoverload_emathew.ilk
d:\computer programs\visual studio\projects\fractionoverload_emathew\fractionoverload_emathew\debug\fractionoverload_emathew.exe
d:\computer programs\visual studio\projects\fractionoverload_emathew\fractionoverload_emathew\debug\fractionoverload_emathew.pdb
d:\computer programs\visual studio\projects\fractionoverload_emathew\fractionoverload_emathew\fractionoverload_emathew\debug\fraction.a7f28b97.tlog\cl.command.1.tlog
d:\computer programs\visual studio\projects\fractionoverload_emathew\fractionoverload_emathew\fractionoverload_emathew\debug\fraction.a7f28b97.tlog\cl.read.1.tlog
d:\computer programs\visual studio\projects\fractionoverload_emathew\fractionoverload_emathew\fractionoverload_emathew\debug\fraction.a7f28b97.tlog\cl.write.1.tlog
d:\computer programs\visual studio\projects\fractionoverload_emathew\fractionoverload_emathew\fractionoverload_emathew\debug\fraction.a7f28b97.tlog\link.command.1.tlog
d:\computer programs\visual studio\projects\fractionoverload_emathew\fractionoverload_emathew\fractionoverload_emathew\debug\fraction.a7f28b97.tlog\link.read.1.tlog
d:\computer programs\visual studio\projects\fractionoverload_emathew\fractionoverload_emathew\fractionoverload_emathew\debug\fraction.a7f28b97.tlog\link.write.1.tlog
